<?xml version="1.0" encoding="UTF-8"?>
<testng-results ignored="0" total="6" passed="6" failed="0" skipped="0">
  <reporter-output>
  </reporter-output>
  <suite started-at="2025-09-20T10:02:17 IST" name="Suite" finished-at="2025-09-20T10:02:40 IST" duration-ms="22615">
    <groups>
      <group name="cucumber">
        <method signature="AbstractTestNGCucumberTests.runScenario(io.cucumber.testng.PickleWrapper,io.cucumber.testng.FeatureWrapper)[pri:0, instance:com.creatio.crm.api.runner.ApiRunner@2e385cce]" name="runScenario" class="io.cucumber.testng.AbstractTestNGCucumberTests"/>
      </group> <!-- cucumber -->
    </groups>
    <test started-at="2025-09-20T10:02:17 IST" name="Test" finished-at="2025-09-20T10:02:40 IST" duration-ms="22615">
      <class name="com.creatio.crm.api.runner.ApiRunner">
        <test-method is-config="true" signature="setUpClass(org.testng.ITestContext)[pri:0, instance:com.creatio.crm.api.runner.ApiRunner@2e385cce]" started-at="2025-09-20T10:02:17 IST" name="setUpClass" finished-at="2025-09-20T10:02:18 IST" duration-ms="700" status="PASS">
          <params>
            <param index="0">
              <value>
                <![CDATA[org.testng.TestRunner@182cc69e]]>
              </value>
            </param>
          </params>
          <reporter-output>
          </reporter-output>
        </test-method> <!-- setUpClass -->
        <test-method signature="runApplicationTests()[pri:0, instance:com.creatio.crm.api.runner.ApiRunner@2e385cce]" started-at="2025-09-20T10:02:18 IST" name="runApplicationTests" finished-at="2025-09-20T10:02:18 IST" duration-ms="10" status="PASS">
          <reporter-output>
          </reporter-output>
        </test-method> <!-- runApplicationTests -->
        <test-method signature="runScenario(io.cucumber.testng.PickleWrapper,io.cucumber.testng.FeatureWrapper)[pri:0, instance:com.creatio.crm.api.runner.ApiRunner@2e385cce]" started-at="2025-09-20T10:02:18 IST" name="runScenario" description="Runs Cucumber Scenarios" data-provider="scenarios" finished-at="2025-09-20T10:02:24 IST" duration-ms="6403" status="PASS">
          <params>
            <param index="0">
              <value>
                <![CDATA["Request to create Invalid reporsitory for the authenticated user"]]>
              </value>
            </param>
            <param index="1">
              <value>
                <![CDATA["GitHub API Testing"]]>
              </value>
            </param>
          </params>
          <reporter-output>
          </reporter-output>
        </test-method> <!-- runScenario -->
        <test-method signature="runScenario(io.cucumber.testng.PickleWrapper,io.cucumber.testng.FeatureWrapper)[pri:0, instance:com.creatio.crm.api.runner.ApiRunner@2e385cce]" started-at="2025-09-20T10:02:24 IST" name="runScenario" description="Runs Cucumber Scenarios" data-provider="scenarios" finished-at="2025-09-20T10:02:29 IST" duration-ms="4273" status="PASS">
          <params>
            <param index="0">
              <value>
                <![CDATA["Request to create Valid reporsitory for the authenticated user"]]>
              </value>
            </param>
            <param index="1">
              <value>
                <![CDATA["GitHub API Testing"]]>
              </value>
            </param>
          </params>
          <reporter-output>
          </reporter-output>
        </test-method> <!-- runScenario -->
        <test-method signature="runScenario(io.cucumber.testng.PickleWrapper,io.cucumber.testng.FeatureWrapper)[pri:0, instance:com.creatio.crm.api.runner.ApiRunner@2e385cce]" started-at="2025-09-20T10:02:29 IST" name="runScenario" description="Runs Cucumber Scenarios" data-provider="scenarios" finished-at="2025-09-20T10:02:32 IST" duration-ms="3610" status="PASS">
          <params>
            <param index="0">
              <value>
                <![CDATA["Request to Get a reporsitory for the authenticated user"]]>
              </value>
            </param>
            <param index="1">
              <value>
                <![CDATA["GitHub API Testing"]]>
              </value>
            </param>
          </params>
          <reporter-output>
          </reporter-output>
        </test-method> <!-- runScenario -->
        <test-method signature="runScenario(io.cucumber.testng.PickleWrapper,io.cucumber.testng.FeatureWrapper)[pri:0, instance:com.creatio.crm.api.runner.ApiRunner@2e385cce]" started-at="2025-09-20T10:02:32 IST" name="runScenario" description="Runs Cucumber Scenarios" data-provider="scenarios" finished-at="2025-09-20T10:02:36 IST" duration-ms="3764" status="PASS">
          <params>
            <param index="0">
              <value>
                <![CDATA["Request to Update a reporsitory for the authenticated user"]]>
              </value>
            </param>
            <param index="1">
              <value>
                <![CDATA["GitHub API Testing"]]>
              </value>
            </param>
          </params>
          <reporter-output>
          </reporter-output>
        </test-method> <!-- runScenario -->
        <test-method signature="runScenario(io.cucumber.testng.PickleWrapper,io.cucumber.testng.FeatureWrapper)[pri:0, instance:com.creatio.crm.api.runner.ApiRunner@2e385cce]" started-at="2025-09-20T10:02:36 IST" name="runScenario" description="Runs Cucumber Scenarios" data-provider="scenarios" finished-at="2025-09-20T10:02:40 IST" duration-ms="3739" status="PASS">
          <params>
            <param index="0">
              <value>
                <![CDATA["Request to Delete a reporsitory for the authenticated user"]]>
              </value>
            </param>
            <param index="1">
              <value>
                <![CDATA["GitHub API Testing"]]>
              </value>
            </param>
          </params>
          <reporter-output>
          </reporter-output>
        </test-method> <!-- runScenario -->
        <test-method is-config="true" signature="tearDownClass()[pri:0, instance:com.creatio.crm.api.runner.ApiRunner@2e385cce]" started-at="2025-09-20T10:02:40 IST" name="tearDownClass" finished-at="2025-09-20T10:02:40 IST" duration-ms="34" status="PASS">
          <reporter-output>
          </reporter-output>
        </test-method> <!-- tearDownClass -->
        <test-method is-config="true" signature="sendEmailReport()[pri:0, instance:com.creatio.crm.api.runner.ApiRunner@2e385cce]" started-at="2025-09-20T10:02:40 IST" name="sendEmailReport" finished-at="2025-09-20T10:02:49 IST" duration-ms="9089" status="PASS">
          <reporter-output>
          </reporter-output>
        </test-method> <!-- sendEmailReport -->
      </class> <!-- com.creatio.crm.api.runner.ApiRunner -->
    </test> <!-- Test -->
  </suite> <!-- Suite -->
</testng-results>
